proguard.cfg
-optimizationpasses 5
-dontusemixedcaseclassnames
-dontskipnonpubliclibraryclasses
-dontpreverify
-verbose
-optimizations !code/simplification/arithmetic,!field/*,!class/merging/*

-dontwarn android.support.**

-keep public class * extends android.app.Activity
-keep public class * extends android.app.Application
-keep public class * extends android.app.Service
-keep public class * extends android.content.BroadcastReceiver
-keep public class * extends android.content.ContentProvider
-keep public class * extends android.preference.Preference
-keep public class * extends com.google.android.maps.MapActivity
-keep public class com.android.vending.licensing.ILicensingService

-keepclasseswithmembernames class * {
    native <methods>;
}

-keepclasseswithmembernames class * {
    public <init>(android.content.Context);
}

-keepclasseswithmembernames class * {
    public <init>(android.content.Context, android.util.AttributeSet);
}

-keepclasseswithmembernames class * {
    public <init>(android.content.Context, android.util.AttributeSet, int);
}

-keepclassmembers enum * {
    public static **[] values();
    public static ** valueOf(java.lang.String);
}

-keep class * implements android.os.Parcelable {
  public static final android.os.Parcelable$Creator *;
}

-keep public class com.pontiflex.mobile.webview.sdk.IPflexJSInterface
-keep public class * implements com.pontiflex.mobile.webview.sdk.IPflexJSInterface
-keepclassmembers class * implements com.pontiflex.mobile.webview.sdk.IPflexJSInterface { 
	<methods>;
}

-keep public class com.madhackerdesigns.neverbelate.EULA
-keep public class com.madhackerdesigns.neverbelate.provider.AlertsContract
-keep public class com.madhackerdesigns.neverbelate.service.CalendarHelper
-keep public class com.madhackerdesigns.neverbelate.ui.EdgeScrollView
-keep public class com.madhackerdesigns.neverbelate.ui.MapOverlay
-keep public class com.madhackerdesigns.neverbelate.ui.UserLocationOverlay
-keep public class com.madhackerdesigns.neverbelate.util.Logger
-keep public class com.madhackerdesigns.neverbelate.util.NetUtils