proguard/seeds.txt
com.madhackerdesigns.neverbelate.provider.AlertsContract
com.madhackerdesigns.neverbelate.provider.AlertsProvider
com.madhackerdesigns.neverbelate.service.CalendarHelper
com.madhackerdesigns.neverbelate.service.LocationReceiver
com.madhackerdesigns.neverbelate.service.NeverBeLateService
com.madhackerdesigns.neverbelate.service.NeverBeLateService$DirectionsApiStatus: com.madhackerdesigns.neverbelate.service.NeverBeLateService$DirectionsApiStatus[] values()
com.madhackerdesigns.neverbelate.service.NeverBeLateService$DirectionsApiStatus: com.madhackerdesigns.neverbelate.service.NeverBeLateService$DirectionsApiStatus valueOf(java.lang.String)
com.madhackerdesigns.neverbelate.service.StartupReceiver
com.madhackerdesigns.neverbelate.service.TravelTimeReceiver
com.madhackerdesigns.neverbelate.service.WakefulServiceReceiver
com.madhackerdesigns.neverbelate.settings.EulaPreference
com.madhackerdesigns.neverbelate.settings.EulaPreference: EulaPreference(android.content.Context,android.util.AttributeSet,int)
com.madhackerdesigns.neverbelate.settings.EulaPreference: EulaPreference(android.content.Context,android.util.AttributeSet)
com.madhackerdesigns.neverbelate.settings.EulaPreference: EulaPreference(android.content.Context)
com.madhackerdesigns.neverbelate.settings.FeedbackPreference
com.madhackerdesigns.neverbelate.settings.FeedbackPreference: FeedbackPreference(android.content.Context,android.util.AttributeSet,int)
com.madhackerdesigns.neverbelate.settings.FeedbackPreference: FeedbackPreference(android.content.Context,android.util.AttributeSet)
com.madhackerdesigns.neverbelate.settings.FeedbackPreference: FeedbackPreference(android.content.Context)
com.madhackerdesigns.neverbelate.settings.NeverBeLateSettings
com.madhackerdesigns.neverbelate.settings.PreferenceHelper
com.madhackerdesigns.neverbelate.settings.PreferenceHelper: PreferenceHelper(android.content.Context)
com.madhackerdesigns.neverbelate.settings.PreferenceHelper$NotificationMethod: com.madhackerdesigns.neverbelate.settings.PreferenceHelper$NotificationMethod[] values()
com.madhackerdesigns.neverbelate.settings.PreferenceHelper$NotificationMethod: com.madhackerdesigns.neverbelate.settings.PreferenceHelper$NotificationMethod valueOf(java.lang.String)
com.madhackerdesigns.neverbelate.settings.PrivacyPreference
com.madhackerdesigns.neverbelate.settings.PrivacyPreference: PrivacyPreference(android.content.Context,android.util.AttributeSet,int)
com.madhackerdesigns.neverbelate.settings.PrivacyPreference: PrivacyPreference(android.content.Context,android.util.AttributeSet)
com.madhackerdesigns.neverbelate.settings.PrivacyPreference: PrivacyPreference(android.content.Context)
com.madhackerdesigns.neverbelate.settings.WebsitePreference
com.madhackerdesigns.neverbelate.settings.WebsitePreference: WebsitePreference(android.content.Context,android.util.AttributeSet,int)
com.madhackerdesigns.neverbelate.settings.WebsitePreference: WebsitePreference(android.content.Context,android.util.AttributeSet)
com.madhackerdesigns.neverbelate.settings.WebsitePreference: WebsitePreference(android.content.Context)
com.madhackerdesigns.neverbelate.ui.EdgeScrollView
com.madhackerdesigns.neverbelate.ui.EdgeScrollView: EdgeScrollView(android.content.Context,android.util.AttributeSet)
com.madhackerdesigns.neverbelate.ui.EdgeScrollView: EdgeScrollView(android.content.Context,android.util.AttributeSet,int)
com.madhackerdesigns.neverbelate.ui.LauncherActivity
com.madhackerdesigns.neverbelate.ui.MapOverlay
com.madhackerdesigns.neverbelate.ui.QuickTourActivity
com.madhackerdesigns.neverbelate.ui.Registration
com.madhackerdesigns.neverbelate.ui.Registration: Registration(android.content.Context)
com.madhackerdesigns.neverbelate.ui.RegistrationForm
com.madhackerdesigns.neverbelate.ui.TestActivity
com.madhackerdesigns.neverbelate.ui.UserLocationOverlay
com.madhackerdesigns.neverbelate.ui.WarningDialog
...
a$a: a$a[] values()
a$a: a$a valueOf(java.lang.String)
android.support.v4.app.BackStackState
android.support.v4.app.BackStackState: android.os.Parcelable$Creator CREATOR
android.support.v4.app.Fragment$SavedState
android.support.v4.app.Fragment$SavedState: android.os.Parcelable$Creator CREATOR
android.support.v4.app.FragmentActivity
android.support.v4.app.FragmentManagerState
android.support.v4.app.FragmentManagerState: android.os.Parcelable$Creator CREATOR
android.support.v4.app.FragmentState
android.support.v4.app.FragmentState: android.os.Parcelable$Creator CREATOR
android.support.v4.app.NoSaveStateFrameLayout
android.support.v4.app.NoSaveStateFrameLayout: NoSaveStateFrameLayout(android.content.Context)
android.support.v4.content.AsyncTaskLoader
android.support.v4.content.AsyncTaskLoader: AsyncTaskLoader(android.content.Context)
android.support.v4.content.CursorLoader
android.support.v4.content.CursorLoader: CursorLoader(android.content.Context)
android.support.v4.content.Loader
android.support.v4.content.Loader: Loader(android.content.Context)
android.support.v4.content.ModernAsyncTask$Status: android.support.v4.content.ModernAsyncTask$Status[] values()
android.support.v4.content.ModernAsyncTask$Status: android.support.v4.content.ModernAsyncTask$Status valueOf(java.lang.String)
android.support.v4.view.PagerTitleStrip
android.support.v4.view.PagerTitleStrip: PagerTitleStrip(android.content.Context)
android.support.v4.view.PagerTitleStrip: PagerTitleStrip(android.content.Context,android.util.AttributeSet)
android.support.v4.view.ViewPager
android.support.v4.view.ViewPager: ViewPager(android.content.Context)
android.support.v4.view.ViewPager: ViewPager(android.content.Context,android.util.AttributeSet)
android.support.v4.view.ViewPager$LayoutParams
android.support.v4.view.ViewPager$LayoutParams: ViewPager$LayoutParams(android.content.Context,android.util.AttributeSet)
android.support.v4.view.ViewPager$SavedState
android.support.v4.view.ViewPager$SavedState: android.os.Parcelable$Creator CREATOR
android.support.v4.widget.EdgeEffectCompat
android.support.v4.widget.EdgeEffectCompat: EdgeEffectCompat(android.content.Context)
com.google.ads.AdActivity
com.google.ads.AdRequest$ErrorCode: com.google.ads.AdRequest$ErrorCode[] values()
com.google.ads.AdRequest$ErrorCode: com.google.ads.AdRequest$ErrorCode valueOf(java.lang.String)
com.google.ads.AdRequest$Gender: com.google.ads.AdRequest$Gender[] values()
com.google.ads.AdRequest$Gender: com.google.ads.AdRequest$Gender valueOf(java.lang.String)
com.google.ads.AdView
com.google.ads.AdView: AdView(android.content.Context,android.util.AttributeSet)
com.google.ads.AdView: AdView(android.content.Context,android.util.AttributeSet,int)
com.google.ads.InstallReceiver
com.google.gson.FieldNamingPolicy: com.google.gson.FieldNamingPolicy[] values()
com.google.gson.FieldNamingPolicy: com.google.gson.FieldNamingPolicy valueOf(java.lang.String)
com.google.gson.LongSerializationPolicy: com.google.gson.LongSerializationPolicy[] values()
com.google.gson.LongSerializationPolicy: com.google.gson.LongSerializationPolicy valueOf(java.lang.String)
com.google.gson.ModifyFirstLetterNamingPolicy$LetterModifier: com.google.gson.ModifyFirstLetterNamingPolicy$LetterModifier[] values()
com.google.gson.ModifyFirstLetterNamingPolicy$LetterModifier: com.google.gson.ModifyFirstLetterNamingPolicy$LetterModifier valueOf(java.lang.String)
com.pontiflex.mobile.webview.models.ResourceData
com.pontiflex.mobile.webview.models.ResourceData: ResourceData(android.content.Context)
com.pontiflex.mobile.webview.sdk.AdManager$PflxEnvironment: com.pontiflex.mobile.webview.sdk.AdManager$PflxEnvironment[] values()
com.pontiflex.mobile.webview.sdk.AdManager$PflxEnvironment: com.pontiflex.mobile.webview.sdk.AdManager$PflxEnvironment valueOf(java.lang.String)