proguard/mapping.txt
com.madhackerdesigns.neverbelate.Eula -> com.madhackerdesigns.neverbelate.a:
    void show(android.app.Activity) -> a
    void display(android.app.Activity) -> b
com.madhackerdesigns.neverbelate.Eula$1 -> com.madhackerdesigns.neverbelate.b:
    android.content.SharedPreferences val$preferences -> a
    android.app.Activity val$activity -> b
    void onClick(android.content.DialogInterface,int) -> onClick
com.madhackerdesigns.neverbelate.Eula$2 -> com.madhackerdesigns.neverbelate.c:
    android.app.Activity val$activity -> a
    void onClick(android.content.DialogInterface,int) -> onClick
com.madhackerdesigns.neverbelate.Eula$OnEulaAgreedTo -> com.madhackerdesigns.neverbelate.d:
    void onEulaAgreedTo() -> a
com.madhackerdesigns.neverbelate.provider.AlertsContract -> com.madhackerdesigns.neverbelate.provider.AlertsContract:
com.madhackerdesigns.neverbelate.provider.AlertsContract$Alerts -> com.madhackerdesigns.neverbelate.provider.a:
    android.net.Uri CONTENT_URI -> a
    android.net.Uri CONTENT_ID_URI_BASE -> b
    android.net.Uri CONTENT_ID_URI_PATTERN -> c
com.madhackerdesigns.neverbelate.provider.AlertsHelper -> com.madhackerdesigns.neverbelate.provider.b:
    java.lang.String[] ALERT_PROJECTION -> a
com.madhackerdesigns.neverbelate.provider.AlertsProvider -> com.madhackerdesigns.neverbelate.provider.AlertsProvider:
    java.util.HashMap sAlertsProjectionMap -> a
    android.content.UriMatcher sUriMatcher -> b
    com.madhackerdesigns.neverbelate.provider.AlertsProvider$DatabaseHelper mOpenHelper -> c
    boolean onCreate() -> onCreate
    android.database.Cursor query(android.net.Uri,java.lang.String[],java.lang.String,java.lang.String[],java.lang.String) -> query
    java.lang.String getType(android.net.Uri) -> getType
    android.net.Uri insert(android.net.Uri,android.content.ContentValues) -> insert
    int delete(android.net.Uri,java.lang.String,java.lang.String[]) -> delete
    int update(android.net.Uri,android.content.ContentValues,java.lang.String,java.lang.String[]) -> update
com.madhackerdesigns.neverbelate.provider.AlertsProvider$DatabaseHelper -> com.madhackerdesigns.neverbelate.provider.c:
    void onCreate(android.database.sqlite.SQLiteDatabase) -> onCreate
    void onUpgrade(android.database.sqlite.SQLiteDatabase,int,int) -> onUpgrade
com.madhackerdesigns.neverbelate.service.CalendarHelper -> com.madhackerdesigns.neverbelate.service.CalendarHelper:
    java.lang.String[] INSTANCES_PROJECTION -> a
    android.net.Uri mRemindersUri -> b
    android.net.Uri mEventsUri -> c
    android.net.Uri mCalendarsUri -> d
    android.net.Uri mInstancesUri -> e
com.madhackerdesigns.neverbelate.service.LocationReceiver -> com.madhackerdesigns.neverbelate.service.LocationReceiver:
    void onReceive(android.content.Context,android.content.Intent) -> onReceive
...
android.support.v4.app.FragmentManagerImpl$5 -> android.support.v4.app.l:
    android.support.v4.app.Fragment val$fragment -> a
    android.support.v4.app.FragmentManagerImpl this$0 -> b
    void onAnimationEnd(android.view.animation.Animation) -> onAnimationEnd
    void onAnimationRepeat(android.view.animation.Animation) -> onAnimationRepeat
    void onAnimationStart(android.view.animation.Animation) -> onAnimationStart
android.support.v4.app.FragmentManagerState -> android.support.v4.app.FragmentManagerState:
    android.support.v4.app.FragmentState[] mActive -> a
    int[] mAdded -> b
    android.support.v4.app.BackStackState[] mBackStack -> c
    android.os.Parcelable$Creator CREATOR -> CREATOR
    int describeContents() -> describeContents
    void writeToParcel(android.os.Parcel,int) -> writeToParcel
android.support.v4.app.FragmentManagerState$1 -> android.support.v4.app.m:
    java.lang.Object[] newArray(int) -> newArray
    java.lang.Object createFromParcel(android.os.Parcel) -> createFromParcel
android.support.v4.app.FragmentState -> android.support.v4.app.FragmentState:
    java.lang.String mClassName -> a
    int mIndex -> b
    boolean mFromLayout -> c
    int mFragmentId -> d
    int mContainerId -> e
    java.lang.String mTag -> f
    boolean mRetainInstance -> g
    boolean mDetached -> h
    android.os.Bundle mArguments -> i
    android.os.Bundle mSavedFragmentState -> j
    android.support.v4.app.Fragment mInstance -> k
    android.os.Parcelable$Creator CREATOR -> CREATOR
    android.support.v4.app.Fragment instantiate(android.support.v4.app.FragmentActivity) -> a
    int describeContents() -> describeContents
    void writeToParcel(android.os.Parcel,int) -> writeToParcel
android.support.v4.app.FragmentState$1 -> android.support.v4.app.n:
    java.lang.Object[] newArray(int) -> newArray
    java.lang.Object createFromParcel(android.os.Parcel) -> createFromParcel
android.support.v4.app.FragmentStatePagerAdapter -> android.support.v4.app.o:
    android.support.v4.app.FragmentManager mFragmentManager -> a
    android.support.v4.app.FragmentTransaction mCurTransaction -> b
    java.util.ArrayList mSavedState -> c
    java.util.ArrayList mFragments -> d
    android.support.v4.app.Fragment mCurrentPrimaryItem -> e
    android.support.v4.app.Fragment getItem(int) -> a
    java.lang.Object instantiateItem(android.view.ViewGroup,int) -> a
    void destroyItem$30510aeb(int,java.lang.Object) -> a
    void setPrimaryItem$30510aeb(java.lang.Object) -> a
    void finishUpdate$52bc874c() -> a
    boolean isViewFromObject(android.view.View,java.lang.Object) -> a
    android.os.Parcelable saveState() -> b
    void restoreState(android.os.Parcelable,java.lang.ClassLoader) -> a
android.support.v4.app.FragmentTransaction -> android.support.v4.app.p:
    android.support.v4.app.FragmentTransaction add(int,android.support.v4.app.Fragment) -> a
    android.support.v4.app.FragmentTransaction remove(android.support.v4.app.Fragment) -> a
    int commitAllowingStateLoss() -> a
android.support.v4.app.HCSparseArray -> android.support.v4.app.q:
    java.lang.Object DELETED -> a
    boolean mGarbage -> b
    int[] mKeys -> c
    java.lang.Object[] mValues -> d
    int mSize -> e
    java.lang.Object get(int) -> a
    void remove(int) -> b
    void removeAt(int) -> c
    void gc() -> c
    int size() -> a
    int keyAt(int) -> d
    java.lang.Object valueAt(int) -> e
    void clear() -> b
    int binarySearch$76412d8d(int[],int,int) -> a
android.support.v4.app.LoaderManager -> android.support.v4.app.r:
    boolean hasRunningLoaders() -> a
android.support.v4.app.LoaderManager$LoaderCallbacks -> android.support.v4.app.s:
    android.support.v4.content.Loader onCreateLoader$e57f803() -> a