proguard/usage.txt
com.madhackerdesigns.neverbelate.Eula:
    private static final java.lang.String PREFERENCE_EULA_ACCEPTED
    private static final java.lang.String PREFERENCES_EULA
    31:31:public Eula()
com.madhackerdesigns.neverbelate.R
com.madhackerdesigns.neverbelate.R$anim
com.madhackerdesigns.neverbelate.R$array
com.madhackerdesigns.neverbelate.R$attr
com.madhackerdesigns.neverbelate.R$bool
com.madhackerdesigns.neverbelate.R$color
com.madhackerdesigns.neverbelate.R$drawable
com.madhackerdesigns.neverbelate.R$id
com.madhackerdesigns.neverbelate.R$integer
com.madhackerdesigns.neverbelate.R$layout
com.madhackerdesigns.neverbelate.R$string
com.madhackerdesigns.neverbelate.R$style
com.madhackerdesigns.neverbelate.R$styleable
com.madhackerdesigns.neverbelate.R$xml
com.madhackerdesigns.neverbelate.provider.AlertsContract:
    public static final java.lang.String AUTHORITY
com.madhackerdesigns.neverbelate.provider.AlertsContract$Alerts:
    public static final java.lang.String TABLE_NAME
    private static final java.lang.String SCHEME
    private static final java.lang.String PATH_ALERTS
    private static final java.lang.String PATH_ALERT_ID
    public static final int ALERT_ID_PATH_POSITION
    public static final java.lang.String CONTENT_TYPE
    public static final java.lang.String CONTENT_ITEM_TYPE
    public static final java.lang.String DEFAULT_SORT_ORDER
    public static final java.lang.String EVENT_ID
    public static final java.lang.String CALENDAR_COLOR
    public static final java.lang.String TITLE
    public static final java.lang.String BEGIN
    public static final java.lang.String END
    public static final java.lang.String LOCATION
    public static final java.lang.String DESCRIPTION
    public static final java.lang.String DURATION
    public static final java.lang.String COPYRIGHTS
    public static final java.lang.String JSON
    public static final java.lang.String FIRED
    public static final java.lang.String DISMISSED
    41:41:private AlertsContract$Alerts()
com.madhackerdesigns.neverbelate.provider.AlertsHelper:
    public static final int PROJ_ID
    public static final int PROJ_EVENT_ID
    public static final int PROJ_CALENDAR_COLOR
    public static final int PROJ_TITLE
    public static final int PROJ_BEGIN
    public static final int PROJ_END
    public static final int PROJ_LOCATION
    public static final int PROJ_DESCRIPTION
    public static final int PROJ_DURATION
    public static final int PROJ_COPYRIGHTS
    public static final int PROJ_JSON
    public static final int PROJ_FIRED
    public static final int PROJ_DISMISSED
    4:4:public AlertsHelper()
com.madhackerdesigns.neverbelate.provider.AlertsProvider:
    private static final java.lang.String TAG
    private static final java.lang.String DATABASE_NAME
    private static final int DATABASE_VERSION
    private static final int ALERTS
    private static final int ALERT_ID
    632:632:com.madhackerdesigns.neverbelate.provider.AlertsProvider$DatabaseHelper getOpenHelperForTest()
...
android.support.v4.accessibilityservice.AccessibilityServiceInfoCompat$AccessibilityServiceInfoVersionImpl
android.support.v4.accessibilityservice.AccessibilityServiceInfoCompatIcs
android.support.v4.app.ActivityCompatHoneycomb:
    27:27:ActivityCompatHoneycomb()
    34:35:static void dump(android.app.Activity,java.lang.String,java.io.FileDescriptor,java.io.PrintWriter,java.lang.String[])
android.support.v4.app.BackStackRecord:
    static final java.lang.String TAG
    static final int OP_NULL
    static final int OP_ADD
    static final int OP_REPLACE
    static final int OP_REMOVE
    static final int OP_HIDE
    static final int OP_SHOW
    static final int OP_DETACH
    static final int OP_ATTACH
    291:291:public int getId()
    295:295:public int getBreadCrumbTitleRes()
    299:299:public int getBreadCrumbShortTitleRes()
    303:306:public java.lang.CharSequence getBreadCrumbTitle()
    310:313:public java.lang.CharSequence getBreadCrumbShortTitle()
    332:333:public android.support.v4.app.FragmentTransaction add(android.support.v4.app.Fragment,java.lang.String)
    342:343:public android.support.v4.app.FragmentTransaction add(int,android.support.v4.app.Fragment,java.lang.String)
    374:374:public android.support.v4.app.FragmentTransaction replace(int,android.support.v4.app.Fragment)
    378:383:public android.support.v4.app.FragmentTransaction replace(int,android.support.v4.app.Fragment,java.lang.String)
    396:401:public android.support.v4.app.FragmentTransaction hide(android.support.v4.app.Fragment)
    405:410:public android.support.v4.app.FragmentTransaction show(android.support.v4.app.Fragment)
    414:419:public android.support.v4.app.FragmentTransaction detach(android.support.v4.app.Fragment)
    423:428:public android.support.v4.app.FragmentTransaction attach(android.support.v4.app.Fragment)
android.support.v4.app.DialogFragment
android.support.v4.app.Fragment:
    static final int INITIALIZING
    static final int CREATED
    static final int ACTIVITY_CREATED
    static final int STOPPED
    static final int STARTED
    static final int RESUMED
    461:461:public final int getId()
    468:468:public final java.lang.String getTag()
    521:523:public void setTargetFragment(android.support.v4.app.Fragment,int)
    529:529:public final android.support.v4.app.Fragment getTargetFragment()
    536:536:public final int getTargetRequestCode()
    550:553:public final android.content.res.Resources getResources()
    563:563:public final java.lang.CharSequence getText(int)
    573:573:public final java.lang.String getString(int)
    586:586:public final varargs java.lang.String getString(int,java.lang.Object[])
    597:597:public final android.support.v4.app.FragmentManager getFragmentManager()
    613:613:public final boolean isDetached()
    622:622:public final boolean isRemoving()
    633:633:public final boolean isInLayout()
    641:641:public final boolean isResumed()
    650:650:public final boolean isVisible()
    690:691:public void setRetainInstance(boolean)
    694:694:public final boolean getRetainInstance()
    705:711:public void setHasOptionsMenu(boolean)
    745:750:public void setUserVisibleHint(boolean)
    757:757:public boolean getUserVisibleHint()
    764:772:public android.support.v4.app.LoaderManager getLoaderManager()